{"E:\\BlockChainProject\\backend\\src\\config\\fabric.config.js": {"path":"E:\\BlockChainProject\\backend\\src\\config\\fabric.config.js","statementMap":{"0":{"start":{"line":1,"column":29},"end":{"line":1,"column":54}},"1":{"start":{"line":2,"column":13},"end":{"line":2,"column":28}},"2":{"start":{"line":3,"column":11},"end":{"line":3,"column":24}},"3":{"start":{"line":4,"column":15},"end":{"line":4,"column":41}},"4":{"start":{"line":8,"column":8},"end":{"line":8,"column":69}},"5":{"start":{"line":9,"column":8},"end":{"line":9,"column":74}},"6":{"start":{"line":10,"column":8},"end":{"line":10,"column":96}},"7":{"start":{"line":11,"column":8},"end":{"line":11,"column":64}},"8":{"start":{"line":18,"column":8},"end":{"line":37,"column":9}},"9":{"start":{"line":19,"column":28},"end":{"line":26,"column":13}},"10":{"start":{"line":28,"column":12},"end":{"line":30,"column":13}},"11":{"start":{"line":29,"column":16},"end":{"line":29,"column":78}},"12":{"start":{"line":32,"column":28},"end":{"line":32,"column":60}},"13":{"start":{"line":33,"column":12},"end":{"line":33,"column":39}},"14":{"start":{"line":35,"column":12},"end":{"line":35,"column":69}},"15":{"start":{"line":36,"column":12},"end":{"line":36,"column":24}},"16":{"start":{"line":44,"column":8},"end":{"line":51,"column":9}},"17":{"start":{"line":45,"column":27},"end":{"line":45,"column":77}},"18":{"start":{"line":46,"column":12},"end":{"line":46,"column":59}},"19":{"start":{"line":47,"column":12},"end":{"line":47,"column":26}},"20":{"start":{"line":49,"column":12},"end":{"line":49,"column":58}},"21":{"start":{"line":50,"column":12},"end":{"line":50,"column":24}},"22":{"start":{"line":60,"column":8},"end":{"line":93,"column":9}},"23":{"start":{"line":62,"column":24},"end":{"line":62,"column":52}},"24":{"start":{"line":65,"column":28},"end":{"line":65,"column":41}},"25":{"start":{"line":68,"column":27},"end":{"line":68,"column":49}},"26":{"start":{"line":71,"column":29},"end":{"line":71,"column":53}},"27":{"start":{"line":72,"column":12},"end":{"line":74,"column":13}},"28":{"start":{"line":73,"column":16},"end":{"line":73,"column":79}},"29":{"start":{"line":77,"column":12},"end":{"line":81,"column":15}},"30":{"start":{"line":83,"column":12},"end":{"line":83,"column":68}},"31":{"start":{"line":86,"column":28},"end":{"line":86,"column":70}},"32":{"start":{"line":87,"column":29},"end":{"line":87,"column":68}},"33":{"start":{"line":89,"column":12},"end":{"line":89,"column":50}},"34":{"start":{"line":91,"column":12},"end":{"line":91,"column":64}},"35":{"start":{"line":92,"column":12},"end":{"line":92,"column":24}},"36":{"start":{"line":101,"column":8},"end":{"line":108,"column":9}},"37":{"start":{"line":102,"column":12},"end":{"line":105,"column":13}},"38":{"start":{"line":103,"column":16},"end":{"line":103,"column":43}},"39":{"start":{"line":104,"column":16},"end":{"line":104,"column":64}},"40":{"start":{"line":107,"column":12},"end":{"line":107,"column":69}},"41":{"start":{"line":120,"column":8},"end":{"line":139,"column":9}},"42":{"start":{"line":121,"column":46},"end":{"line":121,"column":81}},"43":{"start":{"line":122,"column":12},"end":{"line":122,"column":25}},"44":{"start":{"line":124,"column":12},"end":{"line":124,"column":69}},"45":{"start":{"line":126,"column":27},"end":{"line":126,"column":82}},"46":{"start":{"line":127,"column":29},"end":{"line":127,"column":46}},"47":{"start":{"line":129,"column":12},"end":{"line":129,"column":66}},"48":{"start":{"line":131,"column":12},"end":{"line":131,"column":58}},"49":{"start":{"line":133,"column":12},"end":{"line":133,"column":67}},"50":{"start":{"line":134,"column":12},"end":{"line":134,"column":24}},"51":{"start":{"line":136,"column":12},"end":{"line":138,"column":13}},"52":{"start":{"line":137,"column":16},"end":{"line":137,"column":47}},"53":{"start":{"line":151,"column":8},"end":{"line":170,"column":9}},"54":{"start":{"line":152,"column":46},"end":{"line":152,"column":81}},"55":{"start":{"line":153,"column":12},"end":{"line":153,"column":25}},"56":{"start":{"line":155,"column":12},"end":{"line":155,"column":69}},"57":{"start":{"line":157,"column":27},"end":{"line":157,"column":84}},"58":{"start":{"line":158,"column":29},"end":{"line":158,"column":46}},"59":{"start":{"line":160,"column":12},"end":{"line":160,"column":60}},"60":{"start":{"line":162,"column":12},"end":{"line":162,"column":58}},"61":{"start":{"line":164,"column":12},"end":{"line":164,"column":67}},"62":{"start":{"line":165,"column":12},"end":{"line":165,"column":24}},"63":{"start":{"line":167,"column":12},"end":{"line":169,"column":13}},"64":{"start":{"line":168,"column":16},"end":{"line":168,"column":47}},"65":{"start":{"line":174,"column":0},"end":{"line":174,"column":36}}},"fnMap":{"0":{"name":"(anonymous_0)","decl":{"start":{"line":7,"column":4},"end":{"line":7,"column":5}},"loc":{"start":{"line":7,"column":18},"end":{"line":12,"column":5}},"line":7},"1":{"name":"(anonymous_1)","decl":{"start":{"line":17,"column":4},"end":{"line":17,"column":5}},"loc":{"start":{"line":17,"column":28},"end":{"line":38,"column":5}},"line":17},"2":{"name":"(anonymous_2)","decl":{"start":{"line":43,"column":4},"end":{"line":43,"column":5}},"loc":{"start":{"line":43,"column":22},"end":{"line":52,"column":5}},"line":43},"3":{"name":"(anonymous_3)","decl":{"start":{"line":59,"column":4},"end":{"line":59,"column":5}},"loc":{"start":{"line":59,"column":35},"end":{"line":94,"column":5}},"line":59},"4":{"name":"(anonymous_4)","decl":{"start":{"line":100,"column":4},"end":{"line":100,"column":5}},"loc":{"start":{"line":100,"column":30},"end":{"line":109,"column":5}},"line":100},"5":{"name":"(anonymous_5)","decl":{"start":{"line":118,"column":4},"end":{"line":118,"column":5}},"loc":{"start":{"line":118,"column":59},"end":{"line":140,"column":5}},"line":118},"6":{"name":"(anonymous_6)","decl":{"start":{"line":149,"column":4},"end":{"line":149,"column":5}},"loc":{"start":{"line":149,"column":56},"end":{"line":171,"column":5}},"line":149}},"branchMap":{"0":{"loc":{"start":{"line":8,"column":27},"end":{"line":8,"column":68}},"type":"binary-expr","locations":[{"start":{"line":8,"column":27},"end":{"line":8,"column":51}},{"start":{"line":8,"column":55},"end":{"line":8,"column":68}}],"line":8},"1":{"loc":{"start":{"line":9,"column":29},"end":{"line":9,"column":73}},"type":"binary-expr","locations":[{"start":{"line":9,"column":29},"end":{"line":9,"column":55}},{"start":{"line":9,"column":59},"end":{"line":9,"column":73}}],"line":9},"2":{"loc":{"start":{"line":10,"column":59},"end":{"line":10,"column":94}},"type":"binary-expr","locations":[{"start":{"line":10,"column":59},"end":{"line":10,"column":82}},{"start":{"line":10,"column":86},"end":{"line":10,"column":94}}],"line":10},"3":{"loc":{"start":{"line":11,"column":24},"end":{"line":11,"column":63}},"type":"binary-expr","locations":[{"start":{"line":11,"column":24},"end":{"line":11,"column":46}},{"start":{"line":11,"column":50},"end":{"line":11,"column":63}}],"line":11},"4":{"loc":{"start":{"line":28,"column":12},"end":{"line":30,"column":13}},"type":"if","locations":[{"start":{"line":28,"column":12},"end":{"line":30,"column":13}},{"start":{},"end":{}}],"line":28},"5":{"loc":{"start":{"line":72,"column":12},"end":{"line":74,"column":13}},"type":"if","locations":[{"start":{"line":72,"column":12},"end":{"line":74,"column":13}},{"start":{},"end":{}}],"line":72},"6":{"loc":{"start":{"line":102,"column":12},"end":{"line":105,"column":13}},"type":"if","locations":[{"start":{"line":102,"column":12},"end":{"line":105,"column":13}},{"start":{},"end":{}}],"line":102},"7":{"loc":{"start":{"line":131,"column":19},"end":{"line":131,"column":57}},"type":"cond-expr","locations":[{"start":{"line":131,"column":30},"end":{"line":131,"column":50}},{"start":{"line":131,"column":53},"end":{"line":131,"column":57}}],"line":131},"8":{"loc":{"start":{"line":136,"column":12},"end":{"line":138,"column":13}},"type":"if","locations":[{"start":{"line":136,"column":12},"end":{"line":138,"column":13}},{"start":{},"end":{}}],"line":136},"9":{"loc":{"start":{"line":162,"column":19},"end":{"line":162,"column":57}},"type":"cond-expr","locations":[{"start":{"line":162,"column":30},"end":{"line":162,"column":50}},{"start":{"line":162,"column":53},"end":{"line":162,"column":57}}],"line":162},"10":{"loc":{"start":{"line":167,"column":12},"end":{"line":169,"column":13}},"type":"if","locations":[{"start":{"line":167,"column":12},"end":{"line":169,"column":13}},{"start":{},"end":{}}],"line":167}},"s":{"0":1,"1":1,"2":1,"3":1,"4":1,"5":1,"6":1,"7":1,"8":0,"9":0,"10":0,"11":0,"12":0,"13":0,"14":0,"15":0,"16":0,"17":0,"18":0,"19":0,"20":0,"21":0,"22":0,"23":0,"24":0,"25":0,"26":0,"27":0,"28":0,"29":0,"30":0,"31":0,"32":0,"33":0,"34":0,"35":0,"36":0,"37":0,"38":0,"39":0,"40":0,"41":0,"42":0,"43":0,"44":0,"45":0,"46":0,"47":0,"48":0,"49":0,"50":0,"51":0,"52":0,"53":0,"54":0,"55":0,"56":0,"57":0,"58":0,"59":0,"60":0,"61":0,"62":0,"63":0,"64":0,"65":1},"f":{"0":1,"1":0,"2":0,"3":0,"4":0,"5":0,"6":0},"b":{"0":[1,1],"1":[1,1],"2":[1,1],"3":[1,1],"4":[0,0],"5":[0,0],"6":[0,0],"7":[0,0],"8":[0,0],"9":[0,0],"10":[0,0]},"_coverageSchema":"1a1c01bbd47fc00a2c39e90264f33305004495a9","hash":"cb00a6d1cbd4c7dc1de05c86a980d58b9a9af74b"}
,"E:\\BlockChainProject\\backend\\src\\config\\ipfs.config.js": {"path":"E:\\BlockChainProject\\backend\\src\\config\\ipfs.config.js","statementMap":{"0":{"start":{"line":1,"column":15},"end":{"line":1,"column":41}},"1":{"start":{"line":5,"column":8},"end":{"line":5,"column":27}},"2":{"start":{"line":6,"column":8},"end":{"line":6,"column":23}},"3":{"start":{"line":7,"column":8},"end":{"line":7,"column":57}},"4":{"start":{"line":8,"column":8},"end":{"line":8,"column":50}},"5":{"start":{"line":9,"column":8},"end":{"line":9,"column":60}},"6":{"start":{"line":10,"column":8},"end":{"line":10,"column":76}},"7":{"start":{"line":17,"column":8},"end":{"line":21,"column":9}},"8":{"start":{"line":19,"column":12},"end":{"line":19,"column":99}},"9":{"start":{"line":20,"column":12},"end":{"line":20,"column":31}},"10":{"start":{"line":22,"column":8},"end":{"line":22,"column":27}},"11":{"start":{"line":32,"column":8},"end":{"line":50,"column":9}},"12":{"start":{"line":33,"column":12},"end":{"line":33,"column":35}},"13":{"start":{"line":35,"column":29},"end":{"line":35,"column":49}},"14":{"start":{"line":36,"column":25},"end":{"line":36,"column":39}},"15":{"start":{"line":37,"column":12},"end":{"line":37,"column":44}},"16":{"start":{"line":39,"column":29},"end":{"line":42,"column":14}},"17":{"start":{"line":44,"column":27},"end":{"line":44,"column":48}},"18":{"start":{"line":45,"column":12},"end":{"line":45,"column":62}},"19":{"start":{"line":46,"column":12},"end":{"line":46,"column":31}},"20":{"start":{"line":48,"column":12},"end":{"line":48,"column":62}},"21":{"start":{"line":49,"column":12},"end":{"line":49,"column":24}},"22":{"start":{"line":59,"column":8},"end":{"line":77,"column":9}},"23":{"start":{"line":60,"column":12},"end":{"line":60,"column":35}},"24":{"start":{"line":62,"column":29},"end":{"line":64,"column":14}},"25":{"start":{"line":66,"column":12},"end":{"line":68,"column":13}},"26":{"start":{"line":67,"column":16},"end":{"line":67,"column":83}},"27":{"start":{"line":70,"column":32},"end":{"line":70,"column":60}},"28":{"start":{"line":71,"column":31},"end":{"line":71,"column":55}},"29":{"start":{"line":72,"column":12},"end":{"line":72,"column":60}},"30":{"start":{"line":73,"column":12},"end":{"line":73,"column":30}},"31":{"start":{"line":75,"column":12},"end":{"line":75,"column":74}},"32":{"start":{"line":76,"column":12},"end":{"line":76,"column":24}},"33":{"start":{"line":85,"column":8},"end":{"line":100,"column":9}},"34":{"start":{"line":86,"column":12},"end":{"line":86,"column":35}},"35":{"start":{"line":88,"column":29},"end":{"line":90,"column":14}},"36":{"start":{"line":92,"column":12},"end":{"line":94,"column":13}},"37":{"start":{"line":93,"column":16},"end":{"line":93,"column":78}},"38":{"start":{"line":96,"column":12},"end":{"line":96,"column":47}},"39":{"start":{"line":98,"column":12},"end":{"line":98,"column":64}},"40":{"start":{"line":99,"column":12},"end":{"line":99,"column":24}},"41":{"start":{"line":108,"column":8},"end":{"line":123,"column":9}},"42":{"start":{"line":109,"column":12},"end":{"line":109,"column":35}},"43":{"start":{"line":111,"column":29},"end":{"line":113,"column":14}},"44":{"start":{"line":115,"column":12},"end":{"line":117,"column":13}},"45":{"start":{"line":116,"column":16},"end":{"line":116,"column":80}},"46":{"start":{"line":119,"column":12},"end":{"line":119,"column":49}},"47":{"start":{"line":121,"column":12},"end":{"line":121,"column":66}},"48":{"start":{"line":122,"column":12},"end":{"line":122,"column":24}},"49":{"start":{"line":130,"column":8},"end":{"line":138,"column":9}},"50":{"start":{"line":131,"column":27},"end":{"line":131,"column":43}},"51":{"start":{"line":132,"column":28},"end":{"line":132,"column":50}},"52":{"start":{"line":133,"column":12},"end":{"line":133,"column":60}},"53":{"start":{"line":134,"column":12},"end":{"line":134,"column":24}},"54":{"start":{"line":136,"column":12},"end":{"line":136,"column":59}},"55":{"start":{"line":137,"column":12},"end":{"line":137,"column":25}},"56":{"start":{"line":142,"column":0},"end":{"line":142,"column":34}}},"fnMap":{"0":{"name":"(anonymous_0)","decl":{"start":{"line":4,"column":4},"end":{"line":4,"column":5}},"loc":{"start":{"line":4,"column":18},"end":{"line":11,"column":5}},"line":4},"1":{"name":"(anonymous_1)","decl":{"start":{"line":16,"column":4},"end":{"line":16,"column":5}},"loc":{"start":{"line":16,"column":22},"end":{"line":23,"column":5}},"line":16},"2":{"name":"(anonymous_2)","decl":{"start":{"line":31,"column":4},"end":{"line":31,"column":5}},"loc":{"start":{"line":31,"column":44},"end":{"line":51,"column":5}},"line":31},"3":{"name":"(anonymous_3)","decl":{"start":{"line":58,"column":4},"end":{"line":58,"column":5}},"loc":{"start":{"line":58,"column":23},"end":{"line":78,"column":5}},"line":58},"4":{"name":"(anonymous_4)","decl":{"start":{"line":84,"column":4},"end":{"line":84,"column":5}},"loc":{"start":{"line":84,"column":23},"end":{"line":101,"column":5}},"line":84},"5":{"name":"(anonymous_5)","decl":{"start":{"line":107,"column":4},"end":{"line":107,"column":5}},"loc":{"start":{"line":107,"column":25},"end":{"line":124,"column":5}},"line":107},"6":{"name":"(anonymous_6)","decl":{"start":{"line":129,"column":4},"end":{"line":129,"column":5}},"loc":{"start":{"line":129,"column":28},"end":{"line":139,"column":5}},"line":129}},"branchMap":{"0":{"loc":{"start":{"line":7,"column":20},"end":{"line":7,"column":56}},"type":"binary-expr","locations":[{"start":{"line":7,"column":20},"end":{"line":7,"column":41}},{"start":{"line":7,"column":45},"end":{"line":7,"column":56}}],"line":7},"1":{"loc":{"start":{"line":8,"column":20},"end":{"line":8,"column":49}},"type":"binary-expr","locations":[{"start":{"line":8,"column":20},"end":{"line":8,"column":41}},{"start":{"line":8,"column":45},"end":{"line":8,"column":49}}],"line":8},"2":{"loc":{"start":{"line":9,"column":24},"end":{"line":9,"column":59}},"type":"binary-expr","locations":[{"start":{"line":9,"column":24},"end":{"line":9,"column":49}},{"start":{"line":9,"column":53},"end":{"line":9,"column":59}}],"line":9},"3":{"loc":{"start":{"line":17,"column":8},"end":{"line":21,"column":9}},"type":"if","locations":[{"start":{"line":17,"column":8},"end":{"line":21,"column":9}},{"start":{},"end":{}}],"line":17},"4":{"loc":{"start":{"line":31,"column":30},"end":{"line":31,"column":42}},"type":"default-arg","locations":[{"start":{"line":31,"column":40},"end":{"line":31,"column":42}}],"line":31},"5":{"loc":{"start":{"line":66,"column":12},"end":{"line":68,"column":13}},"type":"if","locations":[{"start":{"line":66,"column":12},"end":{"line":68,"column":13}},{"start":{},"end":{}}],"line":66},"6":{"loc":{"start":{"line":92,"column":12},"end":{"line":94,"column":13}},"type":"if","locations":[{"start":{"line":92,"column":12},"end":{"line":94,"column":13}},{"start":{},"end":{}}],"line":92},"7":{"loc":{"start":{"line":115,"column":12},"end":{"line":117,"column":13}},"type":"if","locations":[{"start":{"line":115,"column":12},"end":{"line":117,"column":13}},{"start":{},"end":{}}],"line":115}},"s":{"0":1,"1":1,"2":1,"3":1,"4":1,"5":1,"6":1,"7":0,"8":0,"9":0,"10":0,"11":0,"12":0,"13":0,"14":0,"15":0,"16":0,"17":0,"18":0,"19":0,"20":0,"21":0,"22":0,"23":0,"24":0,"25":0,"26":0,"27":0,"28":0,"29":0,"30":0,"31":0,"32":0,"33":0,"34":0,"35":0,"36":0,"37":0,"38":0,"39":0,"40":0,"41":0,"42":0,"43":0,"44":0,"45":0,"46":0,"47":0,"48":0,"49":0,"50":0,"51":0,"52":0,"53":0,"54":0,"55":0,"56":1},"f":{"0":1,"1":0,"2":0,"3":0,"4":0,"5":0,"6":0},"b":{"0":[1,1],"1":[1,1],"2":[1,1],"3":[0,0],"4":[0],"5":[0,0],"6":[0,0],"7":[0,0]},"_coverageSchema":"1a1c01bbd47fc00a2c39e90264f33305004495a9","hash":"50c1d7acb95a7221e00884c7a762f2942716212a"}
,"E:\\BlockChainProject\\backend\\src\\middleware\\auth.js": {"path":"E:\\BlockChainProject\\backend\\src\\middleware\\auth.js","statementMap":{"0":{"start":{"line":1,"column":12},"end":{"line":1,"column":35}},"1":{"start":{"line":2,"column":15},"end":{"line":2,"column":41}},"2":{"start":{"line":7,"column":20},"end":{"line":47,"column":1}},"3":{"start":{"line":8,"column":4},"end":{"line":46,"column":5}},"4":{"start":{"line":10,"column":27},"end":{"line":10,"column":52}},"5":{"start":{"line":12,"column":8},"end":{"line":17,"column":9}},"6":{"start":{"line":13,"column":12},"end":{"line":16,"column":15}},"7":{"start":{"line":19,"column":22},"end":{"line":19,"column":46}},"8":{"start":{"line":22,"column":24},"end":{"line":22,"column":65}},"9":{"start":{"line":25,"column":8},"end":{"line":29,"column":10}},"10":{"start":{"line":31,"column":8},"end":{"line":31,"column":15}},"11":{"start":{"line":33,"column":8},"end":{"line":33,"column":57}},"12":{"start":{"line":35,"column":8},"end":{"line":40,"column":9}},"13":{"start":{"line":36,"column":12},"end":{"line":39,"column":15}},"14":{"start":{"line":42,"column":8},"end":{"line":45,"column":11}},"15":{"start":{"line":52,"column":20},"end":{"line":70,"column":1}},"16":{"start":{"line":53,"column":4},"end":{"line":69,"column":6}},"17":{"start":{"line":54,"column":8},"end":{"line":59,"column":9}},"18":{"start":{"line":55,"column":12},"end":{"line":58,"column":15}},"19":{"start":{"line":61,"column":8},"end":{"line":66,"column":9}},"20":{"start":{"line":62,"column":12},"end":{"line":65,"column":15}},"21":{"start":{"line":68,"column":8},"end":{"line":68,"column":15}},"22":{"start":{"line":75,"column":23},"end":{"line":75,"column":45}},"23":{"start":{"line":80,"column":22},"end":{"line":80,"column":43}},"24":{"start":{"line":85,"column":21},"end":{"line":85,"column":41}},"25":{"start":{"line":90,"column":30},"end":{"line":90,"column":61}},"26":{"start":{"line":95,"column":29},"end":{"line":95,"column":59}},"27":{"start":{"line":97,"column":0},"end":{"line":105,"column":2}}},"fnMap":{"0":{"name":"(anonymous_0)","decl":{"start":{"line":7,"column":20},"end":{"line":7,"column":21}},"loc":{"start":{"line":7,"column":40},"end":{"line":47,"column":1}},"line":7},"1":{"name":"(anonymous_1)","decl":{"start":{"line":52,"column":20},"end":{"line":52,"column":21}},"loc":{"start":{"line":52,"column":34},"end":{"line":70,"column":1}},"line":52},"2":{"name":"(anonymous_2)","decl":{"start":{"line":53,"column":11},"end":{"line":53,"column":12}},"loc":{"start":{"line":53,"column":31},"end":{"line":69,"column":5}},"line":53}},"branchMap":{"0":{"loc":{"start":{"line":12,"column":8},"end":{"line":17,"column":9}},"type":"if","locations":[{"start":{"line":12,"column":8},"end":{"line":17,"column":9}},{"start":{},"end":{}}],"line":12},"1":{"loc":{"start":{"line":12,"column":12},"end":{"line":12,"column":60}},"type":"binary-expr","locations":[{"start":{"line":12,"column":12},"end":{"line":12,"column":23}},{"start":{"line":12,"column":27},"end":{"line":12,"column":60}}],"line":12},"2":{"loc":{"start":{"line":35,"column":8},"end":{"line":40,"column":9}},"type":"if","locations":[{"start":{"line":35,"column":8},"end":{"line":40,"column":9}},{"start":{},"end":{}}],"line":35},"3":{"loc":{"start":{"line":54,"column":8},"end":{"line":59,"column":9}},"type":"if","locations":[{"start":{"line":54,"column":8},"end":{"line":59,"column":9}},{"start":{},"end":{}}],"line":54},"4":{"loc":{"start":{"line":61,"column":8},"end":{"line":66,"column":9}},"type":"if","locations":[{"start":{"line":61,"column":8},"end":{"line":66,"column":9}},{"start":{},"end":{}}],"line":61}},"s":{"0":1,"1":1,"2":1,"3":0,"4":0,"5":0,"6":0,"7":0,"8":0,"9":0,"10":0,"11":0,"12":0,"13":0,"14":0,"15":1,"16":5,"17":0,"18":0,"19":0,"20":0,"21":0,"22":1,"23":1,"24":1,"25":1,"26":1,"27":1},"f":{"0":0,"1":5,"2":0},"b":{"0":[0,0],"1":[0,0],"2":[0,0],"3":[0,0],"4":[0,0]},"_coverageSchema":"1a1c01bbd47fc00a2c39e90264f33305004495a9","hash":"c7fbf2b48e9d1807f1159e9cce17a9a7052c9d23"}
,"E:\\BlockChainProject\\backend\\src\\middleware\\errorHandler.js": {"path":"E:\\BlockChainProject\\backend\\src\\middleware\\errorHandler.js","statementMap":{"0":{"start":{"line":1,"column":15},"end":{"line":1,"column":41}},"1":{"start":{"line":6,"column":21},"end":{"line":63,"column":1}},"2":{"start":{"line":7,"column":4},"end":{"line":12,"column":7}},"3":{"start":{"line":15,"column":21},"end":{"line":15,"column":42}},"4":{"start":{"line":16,"column":18},"end":{"line":16,"column":56}},"5":{"start":{"line":19,"column":4},"end":{"line":22,"column":5}},"6":{"start":{"line":20,"column":8},"end":{"line":20,"column":25}},"7":{"start":{"line":21,"column":8},"end":{"line":21,"column":76}},"8":{"start":{"line":24,"column":4},"end":{"line":27,"column":5}},"9":{"start":{"line":25,"column":8},"end":{"line":25,"column":25}},"10":{"start":{"line":26,"column":8},"end":{"line":26,"column":56}},"11":{"start":{"line":30,"column":4},"end":{"line":33,"column":5}},"12":{"start":{"line":31,"column":8},"end":{"line":31,"column":25}},"13":{"start":{"line":32,"column":8},"end":{"line":32,"column":45}},"14":{"start":{"line":36,"column":4},"end":{"line":39,"column":5}},"15":{"start":{"line":37,"column":8},"end":{"line":37,"column":25}},"16":{"start":{"line":38,"column":8},"end":{"line":38,"column":45}},"17":{"start":{"line":42,"column":4},"end":{"line":45,"column":5}},"18":{"start":{"line":43,"column":8},"end":{"line":43,"column":25}},"19":{"start":{"line":44,"column":8},"end":{"line":44,"column":34}},"20":{"start":{"line":48,"column":4},"end":{"line":55,"column":5}},"21":{"start":{"line":49,"column":8},"end":{"line":49,"column":25}},"22":{"start":{"line":50,"column":8},"end":{"line":54,"column":9}},"23":{"start":{"line":51,"column":12},"end":{"line":51,"column":39}},"24":{"start":{"line":53,"column":12},"end":{"line":53,"column":34}},"25":{"start":{"line":58,"column":4},"end":{"line":62,"column":7}},"26":{"start":{"line":65,"column":0},"end":{"line":65,"column":30}}},"fnMap":{"0":{"name":"(anonymous_0)","decl":{"start":{"line":6,"column":21},"end":{"line":6,"column":22}},"loc":{"start":{"line":6,"column":46},"end":{"line":63,"column":1}},"line":6}},"branchMap":{"0":{"loc":{"start":{"line":15,"column":21},"end":{"line":15,"column":42}},"type":"binary-expr","locations":[{"start":{"line":15,"column":21},"end":{"line":15,"column":35}},{"start":{"line":15,"column":39},"end":{"line":15,"column":42}}],"line":15},"1":{"loc":{"start":{"line":16,"column":18},"end":{"line":16,"column":56}},"type":"binary-expr","locations":[{"start":{"line":16,"column":18},"end":{"line":16,"column":29}},{"start":{"line":16,"column":33},"end":{"line":16,"column":56}}],"line":16},"2":{"loc":{"start":{"line":19,"column":4},"end":{"line":22,"column":5}},"type":"if","locations":[{"start":{"line":19,"column":4},"end":{"line":22,"column":5}},{"start":{},"end":{}}],"line":19},"3":{"loc":{"start":{"line":19,"column":8},"end":{"line":19,"column":73}},"type":"binary-expr","locations":[{"start":{"line":19,"column":8},"end":{"line":19,"column":19}},{"start":{"line":19,"column":23},"end":{"line":19,"column":73}}],"line":19},"4":{"loc":{"start":{"line":24,"column":4},"end":{"line":27,"column":5}},"type":"if","locations":[{"start":{"line":24,"column":4},"end":{"line":27,"column":5}},{"start":{},"end":{}}],"line":24},"5":{"loc":{"start":{"line":24,"column":8},"end":{"line":24,"column":65}},"type":"binary-expr","locations":[{"start":{"line":24,"column":8},"end":{"line":24,"column":19}},{"start":{"line":24,"column":23},"end":{"line":24,"column":65}}],"line":24},"6":{"loc":{"start":{"line":30,"column":4},"end":{"line":33,"column":5}},"type":"if","locations":[{"start":{"line":30,"column":4},"end":{"line":33,"column":5}},{"start":{},"end":{}}],"line":30},"7":{"loc":{"start":{"line":30,"column":8},"end":{"line":30,"column":51}},"type":"binary-expr","locations":[{"start":{"line":30,"column":8},"end":{"line":30,"column":19}},{"start":{"line":30,"column":23},"end":{"line":30,"column":51}}],"line":30},"8":{"loc":{"start":{"line":36,"column":4},"end":{"line":39,"column":5}},"type":"if","locations":[{"start":{"line":36,"column":4},"end":{"line":39,"column":5}},{"start":{},"end":{}}],"line":36},"9":{"loc":{"start":{"line":38,"column":18},"end":{"line":38,"column":44}},"type":"binary-expr","locations":[{"start":{"line":38,"column":18},"end":{"line":38,"column":29}},{"start":{"line":38,"column":33},"end":{"line":38,"column":44}}],"line":38},"10":{"loc":{"start":{"line":42,"column":4},"end":{"line":45,"column":5}},"type":"if","locations":[{"start":{"line":42,"column":4},"end":{"line":45,"column":5}},{"start":{},"end":{}}],"line":42},"11":{"loc":{"start":{"line":48,"column":4},"end":{"line":55,"column":5}},"type":"if","locations":[{"start":{"line":48,"column":4},"end":{"line":55,"column":5}},{"start":{},"end":{}}],"line":48},"12":{"loc":{"start":{"line":50,"column":8},"end":{"line":54,"column":9}},"type":"if","locations":[{"start":{"line":50,"column":8},"end":{"line":54,"column":9}},{"start":{"line":52,"column":15},"end":{"line":54,"column":9}}],"line":50},"13":{"loc":{"start":{"line":61,"column":12},"end":{"line":61,"column":74}},"type":"binary-expr","locations":[{"start":{"line":61,"column":12},"end":{"line":61,"column":50}},{"start":{"line":61,"column":54},"end":{"line":61,"column":74}}],"line":61}},"s":{"0":1,"1":1,"2":6,"3":6,"4":6,"5":6,"6":0,"7":0,"8":6,"9":0,"10":0,"11":6,"12":0,"13":0,"14":6,"15":0,"16":0,"17":6,"18":0,"19":0,"20":6,"21":0,"22":0,"23":0,"24":0,"25":6,"26":1},"f":{"0":6},"b":{"0":[6,6],"1":[6,0],"2":[0,6],"3":[6,6],"4":[0,6],"5":[6,6],"6":[0,6],"7":[6,6],"8":[0,6],"9":[0,0],"10":[0,6],"11":[0,6],"12":[0,0],"13":[6,0]},"_coverageSchema":"1a1c01bbd47fc00a2c39e90264f33305004495a9","hash":"e2722460ea64c8fb2c280bb7a2bff1418f2d6c30"}
,"E:\\BlockChainProject\\backend\\src\\middleware\\validator.js": {"path":"E:\\BlockChainProject\\backend\\src\\middleware\\validator.js","statementMap":{"0":{"start":{"line":1,"column":12},"end":{"line":1,"column":26}},"1":{"start":{"line":6,"column":17},"end":{"line":25,"column":1}},"2":{"start":{"line":7,"column":4},"end":{"line":24,"column":6}},"3":{"start":{"line":8,"column":33},"end":{"line":11,"column":10}},"4":{"start":{"line":13,"column":8},"end":{"line":20,"column":9}},"5":{"start":{"line":14,"column":28},"end":{"line":14,"column":84}},"6":{"start":{"line":14,"column":58},"end":{"line":14,"column":72}},"7":{"start":{"line":15,"column":12},"end":{"line":19,"column":15}},"8":{"start":{"line":22,"column":8},"end":{"line":22,"column":25}},"9":{"start":{"line":23,"column":8},"end":{"line":23,"column":15}},"10":{"start":{"line":30,"column":16},"end":{"line":71,"column":1}},"11":{"start":{"line":73,"column":0},"end":{"line":73,"column":39}}},"fnMap":{"0":{"name":"(anonymous_0)","decl":{"start":{"line":6,"column":17},"end":{"line":6,"column":18}},"loc":{"start":{"line":6,"column":29},"end":{"line":25,"column":1}},"line":6},"1":{"name":"(anonymous_1)","decl":{"start":{"line":7,"column":11},"end":{"line":7,"column":12}},"loc":{"start":{"line":7,"column":31},"end":{"line":24,"column":5}},"line":7},"2":{"name":"(anonymous_2)","decl":{"start":{"line":14,"column":46},"end":{"line":14,"column":47}},"loc":{"start":{"line":14,"column":58},"end":{"line":14,"column":72}},"line":14}},"branchMap":{"0":{"loc":{"start":{"line":13,"column":8},"end":{"line":20,"column":9}},"type":"if","locations":[{"start":{"line":13,"column":8},"end":{"line":20,"column":9}},{"start":{},"end":{}}],"line":13}},"s":{"0":1,"1":1,"2":3,"3":10,"4":10,"5":3,"6":3,"7":3,"8":7,"9":7,"10":1,"11":1},"f":{"0":3,"1":10,"2":3},"b":{"0":[3,7]},"_coverageSchema":"1a1c01bbd47fc00a2c39e90264f33305004495a9","hash":"0152069e25527455dba393ebe12e0d0abe5ceb63"}
,"E:\\BlockChainProject\\backend\\src\\routes\\admin.routes.js": {"path":"E:\\BlockChainProject\\backend\\src\\routes\\admin.routes.js","statementMap":{"0":{"start":{"line":1,"column":16},"end":{"line":1,"column":34}},"1":{"start":{"line":2,"column":15},"end":{"line":2,"column":31}},"2":{"start":{"line":4,"column":21},"end":{"line":4,"column":55}},"3":{"start":{"line":5,"column":38},"end":{"line":5,"column":67}},"4":{"start":{"line":6,"column":15},"end":{"line":6,"column":41}},"5":{"start":{"line":13,"column":0},"end":{"line":32,"column":3}},"6":{"start":{"line":14,"column":4},"end":{"line":31,"column":5}},"7":{"start":{"line":15,"column":24},"end":{"line":15,"column":39}},"8":{"start":{"line":18,"column":21},"end":{"line":21,"column":9}},"9":{"start":{"line":23,"column":8},"end":{"line":27,"column":11}},"10":{"start":{"line":29,"column":8},"end":{"line":29,"column":57}},"11":{"start":{"line":30,"column":8},"end":{"line":30,"column":20}},"12":{"start":{"line":39,"column":0},"end":{"line":61,"column":3}},"13":{"start":{"line":40,"column":4},"end":{"line":60,"column":5}},"14":{"start":{"line":41,"column":27},"end":{"line":41,"column":37}},"15":{"start":{"line":42,"column":24},"end":{"line":42,"column":39}},"16":{"start":{"line":45,"column":21},"end":{"line":49,"column":9}},"17":{"start":{"line":51,"column":8},"end":{"line":56,"column":11}},"18":{"start":{"line":58,"column":8},"end":{"line":58,"column":63}},"19":{"start":{"line":59,"column":8},"end":{"line":59,"column":20}},"20":{"start":{"line":68,"column":0},"end":{"line":90,"column":3}},"21":{"start":{"line":69,"column":4},"end":{"line":89,"column":5}},"22":{"start":{"line":70,"column":27},"end":{"line":70,"column":37}},"23":{"start":{"line":71,"column":24},"end":{"line":71,"column":39}},"24":{"start":{"line":74,"column":21},"end":{"line":78,"column":9}},"25":{"start":{"line":80,"column":8},"end":{"line":85,"column":11}},"26":{"start":{"line":87,"column":8},"end":{"line":87,"column":58}},"27":{"start":{"line":88,"column":8},"end":{"line":88,"column":20}},"28":{"start":{"line":97,"column":0},"end":{"line":119,"column":3}},"29":{"start":{"line":98,"column":4},"end":{"line":118,"column":5}},"30":{"start":{"line":99,"column":29},"end":{"line":99,"column":39}},"31":{"start":{"line":100,"column":24},"end":{"line":100,"column":39}},"32":{"start":{"line":103,"column":21},"end":{"line":107,"column":9}},"33":{"start":{"line":109,"column":8},"end":{"line":114,"column":11}},"34":{"start":{"line":116,"column":8},"end":{"line":116,"column":60}},"35":{"start":{"line":117,"column":8},"end":{"line":117,"column":20}},"36":{"start":{"line":126,"column":0},"end":{"line":169,"column":3}},"37":{"start":{"line":127,"column":4},"end":{"line":168,"column":5}},"38":{"start":{"line":128,"column":24},"end":{"line":128,"column":39}},"39":{"start":{"line":131,"column":21},"end":{"line":134,"column":9}},"40":{"start":{"line":137,"column":22},"end":{"line":142,"column":9}},"41":{"start":{"line":144,"column":8},"end":{"line":159,"column":9}},"42":{"start":{"line":145,"column":31},"end":{"line":145,"column":32}},"43":{"start":{"line":147,"column":12},"end":{"line":156,"column":15}},"44":{"start":{"line":149,"column":16},"end":{"line":149,"column":97}},"45":{"start":{"line":152,"column":16},"end":{"line":152,"column":99}},"46":{"start":{"line":155,"column":16},"end":{"line":155,"column":48}},"47":{"start":{"line":155,"column":33},"end":{"line":155,"column":48}},"48":{"start":{"line":158,"column":12},"end":{"line":158,"column":80}},"49":{"start":{"line":161,"column":8},"end":{"line":164,"column":11}},"50":{"start":{"line":166,"column":8},"end":{"line":166,"column":48}},"51":{"start":{"line":167,"column":8},"end":{"line":167,"column":20}},"52":{"start":{"line":176,"column":0},"end":{"line":191,"column":3}},"53":{"start":{"line":177,"column":4},"end":{"line":190,"column":5}},"54":{"start":{"line":178,"column":24},"end":{"line":178,"column":39}},"55":{"start":{"line":182,"column":8},"end":{"line":186,"column":11}},"56":{"start":{"line":188,"column":8},"end":{"line":188,"column":55}},"57":{"start":{"line":189,"column":8},"end":{"line":189,"column":20}},"58":{"start":{"line":198,"column":0},"end":{"line":210,"column":3}},"59":{"start":{"line":199,"column":4},"end":{"line":209,"column":5}},"60":{"start":{"line":201,"column":8},"end":{"line":205,"column":11}},"61":{"start":{"line":207,"column":8},"end":{"line":207,"column":56}},"62":{"start":{"line":208,"column":8},"end":{"line":208,"column":20}},"63":{"start":{"line":212,"column":0},"end":{"line":212,"column":24}}},"fnMap":{"0":{"name":"(anonymous_0)","decl":{"start":{"line":13,"column":52},"end":{"line":13,"column":53}},"loc":{"start":{"line":13,"column":78},"end":{"line":32,"column":1}},"line":13},"1":{"name":"(anonymous_1)","decl":{"start":{"line":39,"column":63},"end":{"line":39,"column":64}},"loc":{"start":{"line":39,"column":89},"end":{"line":61,"column":1}},"line":39},"2":{"name":"(anonymous_2)","decl":{"start":{"line":68,"column":61},"end":{"line":68,"column":62}},"loc":{"start":{"line":68,"column":87},"end":{"line":90,"column":1}},"line":68},"3":{"name":"(anonymous_3)","decl":{"start":{"line":97,"column":65},"end":{"line":97,"column":66}},"loc":{"start":{"line":97,"column":91},"end":{"line":119,"column":1}},"line":97},"4":{"name":"(anonymous_4)","decl":{"start":{"line":126,"column":48},"end":{"line":126,"column":49}},"loc":{"start":{"line":126,"column":74},"end":{"line":169,"column":1}},"line":126},"5":{"name":"(anonymous_5)","decl":{"start":{"line":147,"column":25},"end":{"line":147,"column":26}},"loc":{"start":{"line":147,"column":34},"end":{"line":156,"column":13}},"line":147},"6":{"name":"(anonymous_6)","decl":{"start":{"line":176,"column":55},"end":{"line":176,"column":56}},"loc":{"start":{"line":176,"column":81},"end":{"line":191,"column":1}},"line":176},"7":{"name":"(anonymous_7)","decl":{"start":{"line":198,"column":57},"end":{"line":198,"column":58}},"loc":{"start":{"line":198,"column":83},"end":{"line":210,"column":1}},"line":198}},"branchMap":{"0":{"loc":{"start":{"line":25,"column":18},"end":{"line":25,"column":28}},"type":"binary-expr","locations":[{"start":{"line":25,"column":18},"end":{"line":25,"column":22}},{"start":{"line":25,"column":26},"end":{"line":25,"column":28}}],"line":25},"1":{"loc":{"start":{"line":26,"column":19},"end":{"line":26,"column":41}},"type":"cond-expr","locations":[{"start":{"line":26,"column":26},"end":{"line":26,"column":37}},{"start":{"line":26,"column":40},"end":{"line":26,"column":41}}],"line":26},"2":{"loc":{"start":{"line":53,"column":18},"end":{"line":53,"column":28}},"type":"binary-expr","locations":[{"start":{"line":53,"column":18},"end":{"line":53,"column":22}},{"start":{"line":53,"column":26},"end":{"line":53,"column":28}}],"line":53},"3":{"loc":{"start":{"line":54,"column":19},"end":{"line":54,"column":41}},"type":"cond-expr","locations":[{"start":{"line":54,"column":26},"end":{"line":54,"column":37}},{"start":{"line":54,"column":40},"end":{"line":54,"column":41}}],"line":54},"4":{"loc":{"start":{"line":82,"column":18},"end":{"line":82,"column":28}},"type":"binary-expr","locations":[{"start":{"line":82,"column":18},"end":{"line":82,"column":22}},{"start":{"line":82,"column":26},"end":{"line":82,"column":28}}],"line":82},"5":{"loc":{"start":{"line":83,"column":19},"end":{"line":83,"column":41}},"type":"cond-expr","locations":[{"start":{"line":83,"column":26},"end":{"line":83,"column":37}},{"start":{"line":83,"column":40},"end":{"line":83,"column":41}}],"line":83},"6":{"loc":{"start":{"line":111,"column":18},"end":{"line":111,"column":28}},"type":"binary-expr","locations":[{"start":{"line":111,"column":18},"end":{"line":111,"column":22}},{"start":{"line":111,"column":26},"end":{"line":111,"column":28}}],"line":111},"7":{"loc":{"start":{"line":112,"column":19},"end":{"line":112,"column":41}},"type":"cond-expr","locations":[{"start":{"line":112,"column":26},"end":{"line":112,"column":37}},{"start":{"line":112,"column":40},"end":{"line":112,"column":41}}],"line":112},"8":{"loc":{"start":{"line":138,"column":26},"end":{"line":138,"column":48}},"type":"cond-expr","locations":[{"start":{"line":138,"column":33},"end":{"line":138,"column":44}},{"start":{"line":138,"column":47},"end":{"line":138,"column":48}}],"line":138},"9":{"loc":{"start":{"line":144,"column":8},"end":{"line":159,"column":9}},"type":"if","locations":[{"start":{"line":144,"column":8},"end":{"line":159,"column":9}},{"start":{},"end":{}}],"line":144},"10":{"loc":{"start":{"line":144,"column":12},"end":{"line":144,"column":35}},"type":"binary-expr","locations":[{"start":{"line":144,"column":12},"end":{"line":144,"column":16}},{"start":{"line":144,"column":20},"end":{"line":144,"column":35}}],"line":144},"11":{"loc":{"start":{"line":149,"column":53},"end":{"line":149,"column":91}},"type":"binary-expr","locations":[{"start":{"line":149,"column":53},"end":{"line":149,"column":86}},{"start":{"line":149,"column":90},"end":{"line":149,"column":91}}],"line":149},"12":{"loc":{"start":{"line":152,"column":54},"end":{"line":152,"column":93}},"type":"binary-expr","locations":[{"start":{"line":152,"column":54},"end":{"line":152,"column":88}},{"start":{"line":152,"column":92},"end":{"line":152,"column":93}}],"line":152},"13":{"loc":{"start":{"line":155,"column":16},"end":{"line":155,"column":48}},"type":"if","locations":[{"start":{"line":155,"column":16},"end":{"line":155,"column":48}},{"start":{},"end":{}}],"line":155}},"s":{"0":1,"1":1,"2":1,"3":1,"4":1,"5":1,"6":0,"7":0,"8":0,"9":0,"10":0,"11":0,"12":1,"13":0,"14":0,"15":0,"16":0,"17":0,"18":0,"19":0,"20":1,"21":0,"22":0,"23":0,"24":0,"25":0,"26":0,"27":0,"28":1,"29":0,"30":0,"31":0,"32":0,"33":0,"34":0,"35":0,"36":1,"37":0,"38":0,"39":0,"40":0,"41":0,"42":0,"43":0,"44":0,"45":0,"46":0,"47":0,"48":0,"49":0,"50":0,"51":0,"52":1,"53":0,"54":0,"55":0,"56":0,"57":0,"58":1,"59":0,"60":0,"61":0,"62":0,"63":1},"f":{"0":0,"1":0,"2":0,"3":0,"4":0,"5":0,"6":0,"7":0},"b":{"0":[0,0],"1":[0,0],"2":[0,0],"3":[0,0],"4":[0,0],"5":[0,0],"6":[0,0],"7":[0,0],"8":[0,0],"9":[0,0],"10":[0,0],"11":[0,0],"12":[0,0],"13":[0,0]},"_coverageSchema":"1a1c01bbd47fc00a2c39e90264f33305004495a9","hash":"d1c6575bd2768516e2b9dd8fee4bd1021fbab85c"}
,"E:\\BlockChainProject\\backend\\src\\routes\\auth.routes.js": {"path":"E:\\BlockChainProject\\backend\\src\\routes\\auth.routes.js","statementMap":{"0":{"start":{"line":1,"column":16},"end":{"line":1,"column":34}},"1":{"start":{"line":2,"column":15},"end":{"line":2,"column":31}},"2":{"start":{"line":3,"column":12},"end":{"line":3,"column":35}},"3":{"start":{"line":4,"column":15},"end":{"line":4,"column":34}},"4":{"start":{"line":6,"column":30},"end":{"line":6,"column":64}},"5":{"start":{"line":7,"column":15},"end":{"line":7,"column":41}},"6":{"start":{"line":14,"column":0},"end":{"line":57,"column":3}},"7":{"start":{"line":15,"column":4},"end":{"line":56,"column":5}},"8":{"start":{"line":16,"column":37},"end":{"line":16,"column":45}},"9":{"start":{"line":23,"column":19},"end":{"line":23,"column":28}},"10":{"start":{"line":24,"column":8},"end":{"line":24,"column":57}},"11":{"start":{"line":24,"column":41},"end":{"line":24,"column":57}},"12":{"start":{"line":25,"column":8},"end":{"line":25,"column":55}},"13":{"start":{"line":25,"column":40},"end":{"line":25,"column":55}},"14":{"start":{"line":28,"column":22},"end":{"line":38,"column":9}},"15":{"start":{"line":40,"column":8},"end":{"line":40,"column":59}},"16":{"start":{"line":42,"column":8},"end":{"line":52,"column":11}},"17":{"start":{"line":54,"column":8},"end":{"line":54,"column":44}},"18":{"start":{"line":55,"column":8},"end":{"line":55,"column":20}},"19":{"start":{"line":64,"column":0},"end":{"line":91,"column":3}},"20":{"start":{"line":65,"column":4},"end":{"line":90,"column":5}},"21":{"start":{"line":66,"column":56},"end":{"line":66,"column":64}},"22":{"start":{"line":75,"column":8},"end":{"line":75,"column":70}},"23":{"start":{"line":77,"column":8},"end":{"line":86,"column":11}},"24":{"start":{"line":88,"column":8},"end":{"line":88,"column":51}},"25":{"start":{"line":89,"column":8},"end":{"line":89,"column":20}},"26":{"start":{"line":98,"column":0},"end":{"line":140,"column":3}},"27":{"start":{"line":99,"column":4},"end":{"line":139,"column":5}},"28":{"start":{"line":100,"column":27},"end":{"line":100,"column":52}},"29":{"start":{"line":102,"column":8},"end":{"line":107,"column":9}},"30":{"start":{"line":103,"column":12},"end":{"line":106,"column":15}},"31":{"start":{"line":109,"column":22},"end":{"line":109,"column":46}},"32":{"start":{"line":112,"column":24},"end":{"line":114,"column":10}},"33":{"start":{"line":117,"column":25},"end":{"line":127,"column":9}},"34":{"start":{"line":129,"column":8},"end":{"line":135,"column":11}},"35":{"start":{"line":137,"column":8},"end":{"line":137,"column":52}},"36":{"start":{"line":138,"column":8},"end":{"line":138,"column":20}},"37":{"start":{"line":147,"column":0},"end":{"line":155,"column":3}},"38":{"start":{"line":151,"column":4},"end":{"line":154,"column":7}},"39":{"start":{"line":157,"column":0},"end":{"line":157,"column":24}}},"fnMap":{"0":{"name":"(anonymous_0)","decl":{"start":{"line":14,"column":47},"end":{"line":14,"column":48}},"loc":{"start":{"line":14,"column":73},"end":{"line":57,"column":1}},"line":14},"1":{"name":"(anonymous_1)","decl":{"start":{"line":64,"column":53},"end":{"line":64,"column":54}},"loc":{"start":{"line":64,"column":79},"end":{"line":91,"column":1}},"line":64},"2":{"name":"(anonymous_2)","decl":{"start":{"line":98,"column":24},"end":{"line":98,"column":25}},"loc":{"start":{"line":98,"column":50},"end":{"line":140,"column":1}},"line":98},"3":{"name":"(anonymous_3)","decl":{"start":{"line":147,"column":23},"end":{"line":147,"column":24}},"loc":{"start":{"line":147,"column":37},"end":{"line":155,"column":1}},"line":147}},"branchMap":{"0":{"loc":{"start":{"line":24,"column":8},"end":{"line":24,"column":57}},"type":"if","locations":[{"start":{"line":24,"column":8},"end":{"line":24,"column":57}},{"start":{},"end":{}}],"line":24},"1":{"loc":{"start":{"line":25,"column":8},"end":{"line":25,"column":55}},"type":"if","locations":[{"start":{"line":25,"column":8},"end":{"line":25,"column":55}},{"start":{},"end":{}}],"line":25},"2":{"loc":{"start":{"line":32,"column":24},"end":{"line":32,"column":63}},"type":"binary-expr","locations":[{"start":{"line":32,"column":24},"end":{"line":32,"column":46}},{"start":{"line":32,"column":50},"end":{"line":32,"column":63}}],"line":32},"3":{"loc":{"start":{"line":36,"column":27},"end":{"line":36,"column":62}},"type":"binary-expr","locations":[{"start":{"line":36,"column":27},"end":{"line":36,"column":53}},{"start":{"line":36,"column":57},"end":{"line":36,"column":62}}],"line":36},"4":{"loc":{"start":{"line":102,"column":8},"end":{"line":107,"column":9}},"type":"if","locations":[{"start":{"line":102,"column":8},"end":{"line":107,"column":9}},{"start":{},"end":{}}],"line":102},"5":{"loc":{"start":{"line":102,"column":12},"end":{"line":102,"column":60}},"type":"binary-expr","locations":[{"start":{"line":102,"column":12},"end":{"line":102,"column":23}},{"start":{"line":102,"column":27},"end":{"line":102,"column":60}}],"line":102},"6":{"loc":{"start":{"line":125,"column":27},"end":{"line":125,"column":62}},"type":"binary-expr","locations":[{"start":{"line":125,"column":27},"end":{"line":125,"column":53}},{"start":{"line":125,"column":57},"end":{"line":125,"column":62}}],"line":125}},"s":{"0":1,"1":1,"2":1,"3":1,"4":1,"5":1,"6":1,"7":6,"8":6,"9":6,"10":6,"11":2,"12":6,"13":1,"14":6,"15":0,"16":0,"17":6,"18":6,"19":1,"20":1,"21":1,"22":1,"23":1,"24":0,"25":0,"26":1,"27":0,"28":0,"29":0,"30":0,"31":0,"32":0,"33":0,"34":0,"35":0,"36":0,"37":1,"38":0,"39":1},"f":{"0":6,"1":1,"2":0,"3":0},"b":{"0":[2,4],"1":[1,5],"2":[6,6],"3":[6,6],"4":[0,0],"5":[0,0],"6":[0,0]},"_coverageSchema":"1a1c01bbd47fc00a2c39e90264f33305004495a9","hash":"909feed88bbc7b697b2ba78e2413bb87c5c5f9ff"}
,"E:\\BlockChainProject\\backend\\src\\routes\\doctor.routes.js": {"path":"E:\\BlockChainProject\\backend\\src\\routes\\doctor.routes.js","statementMap":{"0":{"start":{"line":1,"column":16},"end":{"line":1,"column":34}},"1":{"start":{"line":2,"column":15},"end":{"line":2,"column":31}},"2":{"start":{"line":3,"column":11},"end":{"line":3,"column":24}},"3":{"start":{"line":4,"column":13},"end":{"line":4,"column":28}},"4":{"start":{"line":6,"column":21},"end":{"line":6,"column":55}},"5":{"start":{"line":7,"column":19},"end":{"line":7,"column":51}},"6":{"start":{"line":8,"column":26},"end":{"line":8,"column":56}},"7":{"start":{"line":9,"column":39},"end":{"line":9,"column":68}},"8":{"start":{"line":10,"column":15},"end":{"line":10,"column":41}},"9":{"start":{"line":17,"column":0},"end":{"line":54,"column":3}},"10":{"start":{"line":18,"column":4},"end":{"line":53,"column":5}},"11":{"start":{"line":19,"column":25},"end":{"line":19,"column":40}},"12":{"start":{"line":22,"column":25},"end":{"line":26,"column":9}},"13":{"start":{"line":29,"column":25},"end":{"line":29,"column":27}},"14":{"start":{"line":30,"column":27},"end":{"line":30,"column":36}},"15":{"start":{"line":32,"column":8},"end":{"line":43,"column":9}},"16":{"start":{"line":33,"column":12},"end":{"line":42,"column":15}},"17":{"start":{"line":34,"column":16},"end":{"line":41,"column":17}},"18":{"start":{"line":35,"column":20},"end":{"line":35,"column":54}},"19":{"start":{"line":36,"column":20},"end":{"line":40,"column":23}},"20":{"start":{"line":45,"column":8},"end":{"line":49,"column":11}},"21":{"start":{"line":51,"column":8},"end":{"line":51,"column":51}},"22":{"start":{"line":52,"column":8},"end":{"line":52,"column":20}},"23":{"start":{"line":61,"column":0},"end":{"line":108,"column":3}},"24":{"start":{"line":62,"column":4},"end":{"line":107,"column":5}},"25":{"start":{"line":63,"column":30},"end":{"line":63,"column":40}},"26":{"start":{"line":64,"column":25},"end":{"line":64,"column":40}},"27":{"start":{"line":67,"column":27},"end":{"line":71,"column":9}},"28":{"start":{"line":73,"column":8},"end":{"line":79,"column":9}},"29":{"start":{"line":74,"column":12},"end":{"line":78,"column":15}},"30":{"start":{"line":82,"column":34},"end":{"line":82,"column":36}},"31":{"start":{"line":84,"column":8},"end":{"line":97,"column":9}},"32":{"start":{"line":86,"column":31},"end":{"line":92,"column":13}},"33":{"start":{"line":94,"column":12},"end":{"line":96,"column":13}},"34":{"start":{"line":95,"column":16},"end":{"line":95,"column":47}},"35":{"start":{"line":99,"column":8},"end":{"line":103,"column":11}},"36":{"start":{"line":105,"column":8},"end":{"line":105,"column":58}},"37":{"start":{"line":106,"column":8},"end":{"line":106,"column":20}},"38":{"start":{"line":115,"column":0},"end":{"line":158,"column":3}},"39":{"start":{"line":116,"column":4},"end":{"line":157,"column":5}},"40":{"start":{"line":117,"column":29},"end":{"line":117,"column":39}},"41":{"start":{"line":118,"column":25},"end":{"line":118,"column":40}},"42":{"start":{"line":121,"column":25},"end":{"line":125,"column":9}},"43":{"start":{"line":127,"column":8},"end":{"line":132,"column":9}},"44":{"start":{"line":128,"column":12},"end":{"line":131,"column":15}},"45":{"start":{"line":135,"column":27},"end":{"line":141,"column":9}},"46":{"start":{"line":143,"column":8},"end":{"line":148,"column":9}},"47":{"start":{"line":144,"column":12},"end":{"line":147,"column":15}},"48":{"start":{"line":150,"column":8},"end":{"line":153,"column":11}},"49":{"start":{"line":155,"column":8},"end":{"line":155,"column":46}},"50":{"start":{"line":156,"column":8},"end":{"line":156,"column":20}},"51":{"start":{"line":165,"column":0},"end":{"line":222,"column":3}},"52":{"start":{"line":166,"column":4},"end":{"line":221,"column":5}},"53":{"start":{"line":167,"column":29},"end":{"line":167,"column":39}},"54":{"start":{"line":168,"column":25},"end":{"line":168,"column":40}},"55":{"start":{"line":171,"column":25},"end":{"line":175,"column":9}},"56":{"start":{"line":177,"column":8},"end":{"line":182,"column":9}},"57":{"start":{"line":178,"column":12},"end":{"line":181,"column":15}},"58":{"start":{"line":185,"column":27},"end":{"line":191,"column":9}},"59":{"start":{"line":193,"column":8},"end":{"line":198,"column":9}},"60":{"start":{"line":194,"column":12},"end":{"line":197,"column":15}},"61":{"start":{"line":201,"column":8},"end":{"line":201,"column":72}},"62":{"start":{"line":202,"column":30},"end":{"line":202,"column":73}},"63":{"start":{"line":208,"column":8},"end":{"line":213,"column":11}},"64":{"start":{"line":215,"column":8},"end":{"line":215,"column":32}},"65":{"start":{"line":219,"column":8},"end":{"line":219,"column":51}},"66":{"start":{"line":220,"column":8},"end":{"line":220,"column":20}},"67":{"start":{"line":229,"column":0},"end":{"line":249,"column":3}},"68":{"start":{"line":230,"column":4},"end":{"line":248,"column":5}},"69":{"start":{"line":231,"column":25},"end":{"line":231,"column":40}},"70":{"start":{"line":234,"column":21},"end":{"line":238,"column":9}},"71":{"start":{"line":240,"column":8},"end":{"line":244,"column":11}},"72":{"start":{"line":246,"column":8},"end":{"line":246,"column":60}},"73":{"start":{"line":247,"column":8},"end":{"line":247,"column":20}},"74":{"start":{"line":256,"column":0},"end":{"line":276,"column":3}},"75":{"start":{"line":257,"column":4},"end":{"line":275,"column":5}},"76":{"start":{"line":258,"column":25},"end":{"line":258,"column":40}},"77":{"start":{"line":261,"column":25},"end":{"line":265,"column":9}},"78":{"start":{"line":267,"column":8},"end":{"line":271,"column":11}},"79":{"start":{"line":273,"column":8},"end":{"line":273,"column":58}},"80":{"start":{"line":274,"column":8},"end":{"line":274,"column":20}},"81":{"start":{"line":278,"column":0},"end":{"line":278,"column":24}}},"fnMap":{"0":{"name":"(anonymous_0)","decl":{"start":{"line":17,"column":52},"end":{"line":17,"column":53}},"loc":{"start":{"line":17,"column":78},"end":{"line":54,"column":1}},"line":17},"1":{"name":"(anonymous_1)","decl":{"start":{"line":33,"column":29},"end":{"line":33,"column":30}},"loc":{"start":{"line":33,"column":42},"end":{"line":42,"column":13}},"line":33},"2":{"name":"(anonymous_2)","decl":{"start":{"line":61,"column":70},"end":{"line":61,"column":71}},"loc":{"start":{"line":61,"column":96},"end":{"line":108,"column":1}},"line":61},"3":{"name":"(anonymous_3)","decl":{"start":{"line":115,"column":57},"end":{"line":115,"column":58}},"loc":{"start":{"line":115,"column":83},"end":{"line":158,"column":1}},"line":115},"4":{"name":"(anonymous_4)","decl":{"start":{"line":165,"column":66},"end":{"line":165,"column":67}},"loc":{"start":{"line":165,"column":92},"end":{"line":222,"column":1}},"line":165},"5":{"name":"(anonymous_5)","decl":{"start":{"line":229,"column":63},"end":{"line":229,"column":64}},"loc":{"start":{"line":229,"column":89},"end":{"line":249,"column":1}},"line":229},"6":{"name":"(anonymous_6)","decl":{"start":{"line":256,"column":58},"end":{"line":256,"column":59}},"loc":{"start":{"line":256,"column":84},"end":{"line":276,"column":1}},"line":256}},"branchMap":{"0":{"loc":{"start":{"line":32,"column":8},"end":{"line":43,"column":9}},"type":"if","locations":[{"start":{"line":32,"column":8},"end":{"line":43,"column":9}},{"start":{},"end":{}}],"line":32},"1":{"loc":{"start":{"line":32,"column":12},"end":{"line":32,"column":47}},"type":"binary-expr","locations":[{"start":{"line":32,"column":12},"end":{"line":32,"column":20}},{"start":{"line":32,"column":24},"end":{"line":32,"column":47}}],"line":32},"2":{"loc":{"start":{"line":34,"column":16},"end":{"line":41,"column":17}},"type":"if","locations":[{"start":{"line":34,"column":16},"end":{"line":41,"column":17}},{"start":{},"end":{}}],"line":34},"3":{"loc":{"start":{"line":73,"column":8},"end":{"line":79,"column":9}},"type":"if","locations":[{"start":{"line":73,"column":8},"end":{"line":79,"column":9}},{"start":{},"end":{}}],"line":73},"4":{"loc":{"start":{"line":73,"column":12},"end":{"line":73,"column":50}},"type":"binary-expr","locations":[{"start":{"line":73,"column":12},"end":{"line":73,"column":23}},{"start":{"line":73,"column":27},"end":{"line":73,"column":50}}],"line":73},"5":{"loc":{"start":{"line":94,"column":12},"end":{"line":96,"column":13}},"type":"if","locations":[{"start":{"line":94,"column":12},"end":{"line":96,"column":13}},{"start":{},"end":{}}],"line":94},"6":{"loc":{"start":{"line":127,"column":8},"end":{"line":132,"column":9}},"type":"if","locations":[{"start":{"line":127,"column":8},"end":{"line":132,"column":9}},{"start":{},"end":{}}],"line":127},"7":{"loc":{"start":{"line":143,"column":8},"end":{"line":148,"column":9}},"type":"if","locations":[{"start":{"line":143,"column":8},"end":{"line":148,"column":9}},{"start":{},"end":{}}],"line":143},"8":{"loc":{"start":{"line":177,"column":8},"end":{"line":182,"column":9}},"type":"if","locations":[{"start":{"line":177,"column":8},"end":{"line":182,"column":9}},{"start":{},"end":{}}],"line":177},"9":{"loc":{"start":{"line":193,"column":8},"end":{"line":198,"column":9}},"type":"if","locations":[{"start":{"line":193,"column":8},"end":{"line":198,"column":9}},{"start":{},"end":{}}],"line":193},"10":{"loc":{"start":{"line":242,"column":18},"end":{"line":242,"column":28}},"type":"binary-expr","locations":[{"start":{"line":242,"column":18},"end":{"line":242,"column":22}},{"start":{"line":242,"column":26},"end":{"line":242,"column":28}}],"line":242},"11":{"loc":{"start":{"line":243,"column":19},"end":{"line":243,"column":41}},"type":"cond-expr","locations":[{"start":{"line":243,"column":26},"end":{"line":243,"column":37}},{"start":{"line":243,"column":40},"end":{"line":243,"column":41}}],"line":243},"12":{"loc":{"start":{"line":269,"column":18},"end":{"line":269,"column":32}},"type":"binary-expr","locations":[{"start":{"line":269,"column":18},"end":{"line":269,"column":26}},{"start":{"line":269,"column":30},"end":{"line":269,"column":32}}],"line":269},"13":{"loc":{"start":{"line":270,"column":19},"end":{"line":270,"column":49}},"type":"cond-expr","locations":[{"start":{"line":270,"column":30},"end":{"line":270,"column":45}},{"start":{"line":270,"column":48},"end":{"line":270,"column":49}}],"line":270}},"s":{"0":1,"1":1,"2":1,"3":1,"4":1,"5":1,"6":1,"7":1,"8":1,"9":1,"10":0,"11":0,"12":0,"13":0,"14":0,"15":0,"16":0,"17":0,"18":0,"19":0,"20":0,"21":0,"22":0,"23":1,"24":0,"25":0,"26":0,"27":0,"28":0,"29":0,"30":0,"31":0,"32":0,"33":0,"34":0,"35":0,"36":0,"37":0,"38":1,"39":0,"40":0,"41":0,"42":0,"43":0,"44":0,"45":0,"46":0,"47":0,"48":0,"49":0,"50":0,"51":1,"52":0,"53":0,"54":0,"55":0,"56":0,"57":0,"58":0,"59":0,"60":0,"61":0,"62":0,"63":0,"64":0,"65":0,"66":0,"67":1,"68":0,"69":0,"70":0,"71":0,"72":0,"73":0,"74":1,"75":0,"76":0,"77":0,"78":0,"79":0,"80":0,"81":1},"f":{"0":0,"1":0,"2":0,"3":0,"4":0,"5":0,"6":0},"b":{"0":[0,0],"1":[0,0],"2":[0,0],"3":[0,0],"4":[0,0],"5":[0,0],"6":[0,0],"7":[0,0],"8":[0,0],"9":[0,0],"10":[0,0],"11":[0,0],"12":[0,0],"13":[0,0]},"_coverageSchema":"1a1c01bbd47fc00a2c39e90264f33305004495a9","hash":"7d908b194a4abcb1cfe4706e1aebc07ad0bd7771"}
,"E:\\BlockChainProject\\backend\\src\\routes\\patient.routes.js": {"path":"E:\\BlockChainProject\\backend\\src\\routes\\patient.routes.js","statementMap":{"0":{"start":{"line":1,"column":16},"end":{"line":1,"column":34}},"1":{"start":{"line":2,"column":15},"end":{"line":2,"column":31}},"2":{"start":{"line":3,"column":15},"end":{"line":3,"column":32}},"3":{"start":{"line":4,"column":13},"end":{"line":4,"column":28}},"4":{"start":{"line":5,"column":11},"end":{"line":5,"column":24}},"5":{"start":{"line":6,"column":23},"end":{"line":6,"column":38}},"6":{"start":{"line":8,"column":21},"end":{"line":8,"column":55}},"7":{"start":{"line":9,"column":19},"end":{"line":9,"column":51}},"8":{"start":{"line":10,"column":32},"end":{"line":10,"column":62}},"9":{"start":{"line":11,"column":40},"end":{"line":11,"column":69}},"10":{"start":{"line":12,"column":30},"end":{"line":12,"column":64}},"11":{"start":{"line":13,"column":15},"end":{"line":13,"column":41}},"12":{"start":{"line":16,"column":16},"end":{"line":28,"column":2}},"13":{"start":{"line":18,"column":26},"end":{"line":18,"column":63}},"14":{"start":{"line":19,"column":8},"end":{"line":21,"column":9}},"15":{"start":{"line":20,"column":12},"end":{"line":20,"column":57}},"16":{"start":{"line":22,"column":8},"end":{"line":22,"column":28}},"17":{"start":{"line":25,"column":27},"end":{"line":25,"column":74}},"18":{"start":{"line":26,"column":8},"end":{"line":26,"column":29}},"19":{"start":{"line":30,"column":15},"end":{"line":46,"column":2}},"20":{"start":{"line":37,"column":29},"end":{"line":37,"column":57}},"21":{"start":{"line":38,"column":24},"end":{"line":38,"column":88}},"22":{"start":{"line":39,"column":25},"end":{"line":39,"column":57}},"23":{"start":{"line":41,"column":8},"end":{"line":43,"column":9}},"24":{"start":{"line":42,"column":12},"end":{"line":42,"column":34}},"25":{"start":{"line":44,"column":8},"end":{"line":44,"column":74}},"26":{"start":{"line":53,"column":0},"end":{"line":120,"column":3}},"27":{"start":{"line":54,"column":4},"end":{"line":119,"column":5}},"28":{"start":{"line":55,"column":31},"end":{"line":55,"column":39}},"29":{"start":{"line":56,"column":26},"end":{"line":56,"column":41}},"30":{"start":{"line":58,"column":8},"end":{"line":63,"column":9}},"31":{"start":{"line":59,"column":12},"end":{"line":62,"column":15}},"32":{"start":{"line":66,"column":25},"end":{"line":66,"column":38}},"33":{"start":{"line":67,"column":27},"end":{"line":67,"column":52}},"34":{"start":{"line":70,"column":30},"end":{"line":70,"column":60}},"35":{"start":{"line":71,"column":30},"end":{"line":71,"column":57}},"36":{"start":{"line":74,"column":8},"end":{"line":74,"column":64}},"37":{"start":{"line":76,"column":12},"end":{"line":76,"column":66}},"38":{"start":{"line":79,"column":8},"end":{"line":79,"column":56}},"39":{"start":{"line":80,"column":25},"end":{"line":80,"column":64}},"40":{"start":{"line":83,"column":25},"end":{"line":83,"column":42}},"41":{"start":{"line":86,"column":8},"end":{"line":86,"column":54}},"42":{"start":{"line":87,"column":8},"end":{"line":96,"column":10}},"43":{"start":{"line":99,"column":8},"end":{"line":99,"column":32}},"44":{"start":{"line":101,"column":8},"end":{"line":111,"column":11}},"45":{"start":{"line":113,"column":8},"end":{"line":113,"column":49}},"46":{"start":{"line":115,"column":8},"end":{"line":117,"column":9}},"47":{"start":{"line":116,"column":12},"end":{"line":116,"column":41}},"48":{"start":{"line":118,"column":8},"end":{"line":118,"column":20}},"49":{"start":{"line":127,"column":0},"end":{"line":162,"column":3}},"50":{"start":{"line":128,"column":4},"end":{"line":161,"column":5}},"51":{"start":{"line":129,"column":29},"end":{"line":129,"column":39}},"52":{"start":{"line":130,"column":26},"end":{"line":130,"column":41}},"53":{"start":{"line":133,"column":25},"end":{"line":137,"column":9}},"54":{"start":{"line":139,"column":8},"end":{"line":144,"column":9}},"55":{"start":{"line":140,"column":12},"end":{"line":143,"column":15}},"56":{"start":{"line":147,"column":8},"end":{"line":152,"column":9}},"57":{"start":{"line":148,"column":12},"end":{"line":151,"column":15}},"58":{"start":{"line":154,"column":8},"end":{"line":157,"column":11}},"59":{"start":{"line":159,"column":8},"end":{"line":159,"column":46}},"60":{"start":{"line":160,"column":8},"end":{"line":160,"column":20}},"61":{"start":{"line":169,"column":0},"end":{"line":189,"column":3}},"62":{"start":{"line":170,"column":4},"end":{"line":188,"column":5}},"63":{"start":{"line":171,"column":26},"end":{"line":171,"column":41}},"64":{"start":{"line":174,"column":24},"end":{"line":178,"column":9}},"65":{"start":{"line":180,"column":8},"end":{"line":184,"column":11}},"66":{"start":{"line":186,"column":8},"end":{"line":186,"column":55}},"67":{"start":{"line":187,"column":8},"end":{"line":187,"column":20}},"68":{"start":{"line":196,"column":0},"end":{"line":230,"column":3}},"69":{"start":{"line":197,"column":4},"end":{"line":229,"column":5}},"70":{"start":{"line":198,"column":51},"end":{"line":198,"column":59}},"71":{"start":{"line":199,"column":26},"end":{"line":199,"column":41}},"72":{"start":{"line":202,"column":26},"end":{"line":202,"column":71}},"73":{"start":{"line":205,"column":8},"end":{"line":213,"column":10}},"74":{"start":{"line":215,"column":8},"end":{"line":225,"column":11}},"75":{"start":{"line":227,"column":8},"end":{"line":227,"column":52}},"76":{"start":{"line":228,"column":8},"end":{"line":228,"column":20}},"77":{"start":{"line":237,"column":0},"end":{"line":257,"column":3}},"78":{"start":{"line":238,"column":4},"end":{"line":256,"column":5}},"79":{"start":{"line":239,"column":30},"end":{"line":239,"column":40}},"80":{"start":{"line":240,"column":26},"end":{"line":240,"column":41}},"81":{"start":{"line":243,"column":8},"end":{"line":247,"column":10}},"82":{"start":{"line":249,"column":8},"end":{"line":252,"column":11}},"83":{"start":{"line":254,"column":8},"end":{"line":254,"column":53}},"84":{"start":{"line":255,"column":8},"end":{"line":255,"column":20}},"85":{"start":{"line":264,"column":0},"end":{"line":284,"column":3}},"86":{"start":{"line":265,"column":4},"end":{"line":283,"column":5}},"87":{"start":{"line":266,"column":26},"end":{"line":266,"column":41}},"88":{"start":{"line":269,"column":25},"end":{"line":273,"column":9}},"89":{"start":{"line":275,"column":8},"end":{"line":279,"column":11}},"90":{"start":{"line":281,"column":8},"end":{"line":281,"column":59}},"91":{"start":{"line":282,"column":8},"end":{"line":282,"column":20}},"92":{"start":{"line":291,"column":0},"end":{"line":312,"column":3}},"93":{"start":{"line":292,"column":4},"end":{"line":311,"column":5}},"94":{"start":{"line":293,"column":29},"end":{"line":293,"column":39}},"95":{"start":{"line":294,"column":26},"end":{"line":294,"column":41}},"96":{"start":{"line":297,"column":21},"end":{"line":301,"column":9}},"97":{"start":{"line":303,"column":8},"end":{"line":307,"column":11}},"98":{"start":{"line":309,"column":8},"end":{"line":309,"column":53}},"99":{"start":{"line":310,"column":8},"end":{"line":310,"column":20}},"100":{"start":{"line":314,"column":0},"end":{"line":314,"column":24}}},"fnMap":{"0":{"name":"(anonymous_0)","decl":{"start":{"line":17,"column":17},"end":{"line":17,"column":18}},"loc":{"start":{"line":17,"column":36},"end":{"line":23,"column":5}},"line":17},"1":{"name":"(anonymous_1)","decl":{"start":{"line":24,"column":14},"end":{"line":24,"column":15}},"loc":{"start":{"line":24,"column":33},"end":{"line":27,"column":5}},"line":24},"2":{"name":"(anonymous_2)","decl":{"start":{"line":35,"column":16},"end":{"line":35,"column":17}},"loc":{"start":{"line":35,"column":35},"end":{"line":45,"column":5}},"line":35},"3":{"name":"(anonymous_3)","decl":{"start":{"line":53,"column":79},"end":{"line":53,"column":80}},"loc":{"start":{"line":53,"column":105},"end":{"line":120,"column":1}},"line":53},"4":{"name":"(anonymous_4)","decl":{"start":{"line":127,"column":58},"end":{"line":127,"column":59}},"loc":{"start":{"line":127,"column":84},"end":{"line":162,"column":1}},"line":127},"5":{"name":"(anonymous_5)","decl":{"start":{"line":169,"column":48},"end":{"line":169,"column":49}},"loc":{"start":{"line":169,"column":74},"end":{"line":189,"column":1}},"line":169},"6":{"name":"(anonymous_6)","decl":{"start":{"line":196,"column":91},"end":{"line":196,"column":92}},"loc":{"start":{"line":196,"column":117},"end":{"line":230,"column":1}},"line":196},"7":{"name":"(anonymous_7)","decl":{"start":{"line":237,"column":66},"end":{"line":237,"column":67}},"loc":{"start":{"line":237,"column":92},"end":{"line":257,"column":1}},"line":237},"8":{"name":"(anonymous_8)","decl":{"start":{"line":264,"column":52},"end":{"line":264,"column":53}},"loc":{"start":{"line":264,"column":78},"end":{"line":284,"column":1}},"line":264},"9":{"name":"(anonymous_9)","decl":{"start":{"line":291,"column":60},"end":{"line":291,"column":61}},"loc":{"start":{"line":291,"column":86},"end":{"line":312,"column":1}},"line":291}},"branchMap":{"0":{"loc":{"start":{"line":18,"column":26},"end":{"line":18,"column":63}},"type":"binary-expr","locations":[{"start":{"line":18,"column":26},"end":{"line":18,"column":48}},{"start":{"line":18,"column":52},"end":{"line":18,"column":63}}],"line":18},"1":{"loc":{"start":{"line":19,"column":8},"end":{"line":21,"column":9}},"type":"if","locations":[{"start":{"line":19,"column":8},"end":{"line":21,"column":9}},{"start":{},"end":{}}],"line":19},"2":{"loc":{"start":{"line":33,"column":18},"end":{"line":33,"column":65}},"type":"binary-expr","locations":[{"start":{"line":33,"column":18},"end":{"line":33,"column":53}},{"start":{"line":33,"column":57},"end":{"line":33,"column":65}}],"line":33},"3":{"loc":{"start":{"line":41,"column":8},"end":{"line":43,"column":9}},"type":"if","locations":[{"start":{"line":41,"column":8},"end":{"line":43,"column":9}},{"start":{},"end":{}}],"line":41},"4":{"loc":{"start":{"line":41,"column":12},"end":{"line":41,"column":31}},"type":"binary-expr","locations":[{"start":{"line":41,"column":12},"end":{"line":41,"column":19}},{"start":{"line":41,"column":23},"end":{"line":41,"column":31}}],"line":41},"5":{"loc":{"start":{"line":58,"column":8},"end":{"line":63,"column":9}},"type":"if","locations":[{"start":{"line":58,"column":8},"end":{"line":63,"column":9}},{"start":{},"end":{}}],"line":58},"6":{"loc":{"start":{"line":94,"column":12},"end":{"line":94,"column":47}},"type":"binary-expr","locations":[{"start":{"line":94,"column":12},"end":{"line":94,"column":22}},{"start":{"line":94,"column":26},"end":{"line":94,"column":47}}],"line":94},"7":{"loc":{"start":{"line":107,"column":28},"end":{"line":107,"column":63}},"type":"binary-expr","locations":[{"start":{"line":107,"column":28},"end":{"line":107,"column":38}},{"start":{"line":107,"column":42},"end":{"line":107,"column":63}}],"line":107},"8":{"loc":{"start":{"line":115,"column":8},"end":{"line":117,"column":9}},"type":"if","locations":[{"start":{"line":115,"column":8},"end":{"line":117,"column":9}},{"start":{},"end":{}}],"line":115},"9":{"loc":{"start":{"line":115,"column":12},"end":{"line":115,"column":52}},"type":"binary-expr","locations":[{"start":{"line":115,"column":12},"end":{"line":115,"column":20}},{"start":{"line":115,"column":24},"end":{"line":115,"column":52}}],"line":115},"10":{"loc":{"start":{"line":139,"column":8},"end":{"line":144,"column":9}},"type":"if","locations":[{"start":{"line":139,"column":8},"end":{"line":144,"column":9}},{"start":{},"end":{}}],"line":139},"11":{"loc":{"start":{"line":147,"column":8},"end":{"line":152,"column":9}},"type":"if","locations":[{"start":{"line":147,"column":8},"end":{"line":152,"column":9}},{"start":{},"end":{}}],"line":147},"12":{"loc":{"start":{"line":182,"column":18},"end":{"line":182,"column":31}},"type":"binary-expr","locations":[{"start":{"line":182,"column":18},"end":{"line":182,"column":25}},{"start":{"line":182,"column":29},"end":{"line":182,"column":31}}],"line":182},"13":{"loc":{"start":{"line":183,"column":19},"end":{"line":183,"column":47}},"type":"cond-expr","locations":[{"start":{"line":183,"column":29},"end":{"line":183,"column":43}},{"start":{"line":183,"column":46},"end":{"line":183,"column":47}}],"line":183},"14":{"loc":{"start":{"line":202,"column":54},"end":{"line":202,"column":69}},"type":"binary-expr","locations":[{"start":{"line":202,"column":54},"end":{"line":202,"column":62}},{"start":{"line":202,"column":66},"end":{"line":202,"column":69}}],"line":202},"15":{"loc":{"start":{"line":211,"column":12},"end":{"line":211,"column":27}},"type":"binary-expr","locations":[{"start":{"line":211,"column":12},"end":{"line":211,"column":20}},{"start":{"line":211,"column":24},"end":{"line":211,"column":27}}],"line":211},"16":{"loc":{"start":{"line":222,"column":26},"end":{"line":222,"column":51}},"type":"binary-expr","locations":[{"start":{"line":222,"column":26},"end":{"line":222,"column":34}},{"start":{"line":222,"column":38},"end":{"line":222,"column":51}}],"line":222},"17":{"loc":{"start":{"line":277,"column":18},"end":{"line":277,"column":32}},"type":"binary-expr","locations":[{"start":{"line":277,"column":18},"end":{"line":277,"column":26}},{"start":{"line":277,"column":30},"end":{"line":277,"column":32}}],"line":277},"18":{"loc":{"start":{"line":278,"column":19},"end":{"line":278,"column":49}},"type":"cond-expr","locations":[{"start":{"line":278,"column":30},"end":{"line":278,"column":45}},{"start":{"line":278,"column":48},"end":{"line":278,"column":49}}],"line":278},"19":{"loc":{"start":{"line":305,"column":18},"end":{"line":305,"column":28}},"type":"binary-expr","locations":[{"start":{"line":305,"column":18},"end":{"line":305,"column":22}},{"start":{"line":305,"column":26},"end":{"line":305,"column":28}}],"line":305},"20":{"loc":{"start":{"line":306,"column":19},"end":{"line":306,"column":41}},"type":"cond-expr","locations":[{"start":{"line":306,"column":26},"end":{"line":306,"column":37}},{"start":{"line":306,"column":40},"end":{"line":306,"column":41}}],"line":306}},"s":{"0":1,"1":1,"2":1,"3":1,"4":1,"5":1,"6":1,"7":1,"8":1,"9":1,"10":1,"11":1,"12":1,"13":0,"14":0,"15":0,"16":0,"17":0,"18":0,"19":1,"20":0,"21":0,"22":0,"23":0,"24":0,"25":0,"26":1,"27":0,"28":0,"29":0,"30":0,"31":0,"32":0,"33":0,"34":0,"35":0,"36":0,"37":0,"38":0,"39":0,"40":0,"41":0,"42":0,"43":0,"44":0,"45":0,"46":0,"47":0,"48":0,"49":1,"50":0,"51":0,"52":0,"53":0,"54":0,"55":0,"56":0,"57":0,"58":0,"59":0,"60":0,"61":1,"62":0,"63":0,"64":0,"65":0,"66":0,"67":0,"68":1,"69":0,"70":0,"71":0,"72":0,"73":0,"74":0,"75":0,"76":0,"77":1,"78":0,"79":0,"80":0,"81":0,"82":0,"83":0,"84":0,"85":1,"86":0,"87":0,"88":0,"89":0,"90":0,"91":0,"92":1,"93":0,"94":0,"95":0,"96":0,"97":0,"98":0,"99":0,"100":1},"f":{"0":0,"1":0,"2":0,"3":0,"4":0,"5":0,"6":0,"7":0,"8":0,"9":0},"b":{"0":[0,0],"1":[0,0],"2":[1,1],"3":[0,0],"4":[0,0],"5":[0,0],"6":[0,0],"7":[0,0],"8":[0,0],"9":[0,0],"10":[0,0],"11":[0,0],"12":[0,0],"13":[0,0],"14":[0,0],"15":[0,0],"16":[0,0],"17":[0,0],"18":[0,0],"19":[0,0],"20":[0,0]},"_coverageSchema":"1a1c01bbd47fc00a2c39e90264f33305004495a9","hash":"2e8cfeffe6b2798b5eeed7ea415d308afed4e4e9"}
,"E:\\BlockChainProject\\backend\\src\\utils\\encryption.js": {"path":"E:\\BlockChainProject\\backend\\src\\utils\\encryption.js","statementMap":{"0":{"start":{"line":1,"column":15},"end":{"line":1,"column":32}},"1":{"start":{"line":2,"column":14},"end":{"line":2,"column":35}},"2":{"start":{"line":3,"column":15},"end":{"line":3,"column":34}},"3":{"start":{"line":13,"column":8},"end":{"line":13,"column":38}},"4":{"start":{"line":23,"column":8},"end":{"line":40,"column":9}},"5":{"start":{"line":24,"column":23},"end":{"line":24,"column":45}},"6":{"start":{"line":25,"column":27},"end":{"line":25,"column":72}},"7":{"start":{"line":27,"column":29},"end":{"line":27,"column":48}},"8":{"start":{"line":28,"column":12},"end":{"line":28,"column":69}},"9":{"start":{"line":30,"column":28},"end":{"line":30,"column":47}},"10":{"start":{"line":32,"column":12},"end":{"line":36,"column":14}},"11":{"start":{"line":38,"column":12},"end":{"line":38,"column":57}},"12":{"start":{"line":39,"column":12},"end":{"line":39,"column":24}},"13":{"start":{"line":52,"column":8},"end":{"line":63,"column":9}},"14":{"start":{"line":53,"column":29},"end":{"line":53,"column":76}},"15":{"start":{"line":54,"column":12},"end":{"line":54,"column":41}},"16":{"start":{"line":56,"column":23},"end":{"line":56,"column":50}},"17":{"start":{"line":57,"column":12},"end":{"line":57,"column":59}},"18":{"start":{"line":59,"column":12},"end":{"line":59,"column":24}},"19":{"start":{"line":61,"column":12},"end":{"line":61,"column":57}},"20":{"start":{"line":62,"column":12},"end":{"line":62,"column":24}},"21":{"start":{"line":70,"column":8},"end":{"line":70,"column":45}},"22":{"start":{"line":77,"column":8},"end":{"line":77,"column":58}},"23":{"start":{"line":91,"column":8},"end":{"line":104,"column":9}},"24":{"start":{"line":92,"column":28},"end":{"line":92,"column":76}},"25":{"start":{"line":94,"column":34},"end":{"line":94,"column":79}},"26":{"start":{"line":95,"column":33},"end":{"line":95,"column":76}},"27":{"start":{"line":97,"column":12},"end":{"line":100,"column":14}},"28":{"start":{"line":102,"column":12},"end":{"line":102,"column":61}},"29":{"start":{"line":103,"column":12},"end":{"line":103,"column":24}},"30":{"start":{"line":114,"column":8},"end":{"line":124,"column":9}},"31":{"start":{"line":115,"column":30},"end":{"line":115,"column":70}},"32":{"start":{"line":116,"column":30},"end":{"line":118,"column":14}},"33":{"start":{"line":120,"column":12},"end":{"line":120,"column":52}},"34":{"start":{"line":122,"column":12},"end":{"line":122,"column":57}},"35":{"start":{"line":123,"column":12},"end":{"line":123,"column":24}},"36":{"start":{"line":134,"column":8},"end":{"line":144,"column":9}},"37":{"start":{"line":135,"column":31},"end":{"line":135,"column":73}},"38":{"start":{"line":136,"column":30},"end":{"line":138,"column":14}},"39":{"start":{"line":140,"column":12},"end":{"line":140,"column":52}},"40":{"start":{"line":142,"column":12},"end":{"line":142,"column":57}},"41":{"start":{"line":143,"column":12},"end":{"line":143,"column":24}},"42":{"start":{"line":156,"column":8},"end":{"line":156,"column":70}},"43":{"start":{"line":163,"column":8},"end":{"line":163,"column":39}},"44":{"start":{"line":178,"column":8},"end":{"line":201,"column":9}},"45":{"start":{"line":180,"column":27},"end":{"line":180,"column":50}},"46":{"start":{"line":183,"column":48},"end":{"line":183,"column":89}},"47":{"start":{"line":186,"column":33},"end":{"line":186,"column":76}},"48":{"start":{"line":189,"column":29},"end":{"line":189,"column":58}},"49":{"start":{"line":191,"column":12},"end":{"line":197,"column":14}},"50":{"start":{"line":199,"column":12},"end":{"line":199,"column":57}},"51":{"start":{"line":200,"column":12},"end":{"line":200,"column":24}},"52":{"start":{"line":214,"column":8},"end":{"line":229,"column":9}},"53":{"start":{"line":216,"column":33},"end":{"line":216,"column":74}},"54":{"start":{"line":217,"column":27},"end":{"line":217,"column":73}},"55":{"start":{"line":220,"column":23},"end":{"line":220,"column":54}},"56":{"start":{"line":221,"column":28},"end":{"line":221,"column":64}},"57":{"start":{"line":223,"column":34},"end":{"line":223,"column":91}},"58":{"start":{"line":225,"column":12},"end":{"line":225,"column":33}},"59":{"start":{"line":227,"column":12},"end":{"line":227,"column":57}},"60":{"start":{"line":228,"column":12},"end":{"line":228,"column":24}},"61":{"start":{"line":233,"column":0},"end":{"line":238,"column":2}}},"fnMap":{"0":{"name":"(anonymous_0)","decl":{"start":{"line":12,"column":4},"end":{"line":12,"column":5}},"loc":{"start":{"line":12,"column":25},"end":{"line":14,"column":5}},"line":12},"1":{"name":"(anonymous_1)","decl":{"start":{"line":22,"column":4},"end":{"line":22,"column":5}},"loc":{"start":{"line":22,"column":30},"end":{"line":41,"column":5}},"line":22},"2":{"name":"(anonymous_2)","decl":{"start":{"line":51,"column":4},"end":{"line":51,"column":5}},"loc":{"start":{"line":51,"column":49},"end":{"line":64,"column":5}},"line":51},"3":{"name":"(anonymous_3)","decl":{"start":{"line":69,"column":4},"end":{"line":69,"column":5}},"loc":{"start":{"line":69,"column":40},"end":{"line":71,"column":5}},"line":69},"4":{"name":"(anonymous_4)","decl":{"start":{"line":76,"column":4},"end":{"line":76,"column":5}},"loc":{"start":{"line":76,"column":53},"end":{"line":78,"column":5}},"line":76},"5":{"name":"(anonymous_5)","decl":{"start":{"line":90,"column":4},"end":{"line":90,"column":5}},"loc":{"start":{"line":90,"column":43},"end":{"line":105,"column":5}},"line":90},"6":{"name":"(anonymous_6)","decl":{"start":{"line":113,"column":4},"end":{"line":113,"column":5}},"loc":{"start":{"line":113,"column":39},"end":{"line":125,"column":5}},"line":113},"7":{"name":"(anonymous_7)","decl":{"start":{"line":133,"column":4},"end":{"line":133,"column":5}},"loc":{"start":{"line":133,"column":46},"end":{"line":145,"column":5}},"line":133},"8":{"name":"(anonymous_8)","decl":{"start":{"line":155,"column":4},"end":{"line":155,"column":5}},"loc":{"start":{"line":155,"column":24},"end":{"line":157,"column":5}},"line":155},"9":{"name":"(anonymous_9)","decl":{"start":{"line":162,"column":4},"end":{"line":162,"column":5}},"loc":{"start":{"line":162,"column":36},"end":{"line":164,"column":5}},"line":162},"10":{"name":"(anonymous_10)","decl":{"start":{"line":177,"column":4},"end":{"line":177,"column":5}},"loc":{"start":{"line":177,"column":59},"end":{"line":202,"column":5}},"line":177},"11":{"name":"(anonymous_11)","decl":{"start":{"line":213,"column":4},"end":{"line":213,"column":5}},"loc":{"start":{"line":213,"column":98},"end":{"line":230,"column":5}},"line":213}},"branchMap":{"0":{"loc":{"start":{"line":90,"column":27},"end":{"line":90,"column":41}},"type":"default-arg","locations":[{"start":{"line":90,"column":37},"end":{"line":90,"column":41}}],"line":90}},"s":{"0":1,"1":1,"2":1,"3":0,"4":0,"5":0,"6":0,"7":0,"8":0,"9":0,"10":0,"11":0,"12":0,"13":0,"14":0,"15":0,"16":0,"17":0,"18":0,"19":0,"20":0,"21":0,"22":0,"23":0,"24":0,"25":0,"26":0,"27":0,"28":0,"29":0,"30":0,"31":0,"32":0,"33":0,"34":0,"35":0,"36":0,"37":0,"38":0,"39":0,"40":0,"41":0,"42":0,"43":0,"44":0,"45":0,"46":0,"47":0,"48":0,"49":0,"50":0,"51":0,"52":0,"53":0,"54":0,"55":0,"56":0,"57":0,"58":0,"59":0,"60":0,"61":1},"f":{"0":0,"1":0,"2":0,"3":0,"4":0,"5":0,"6":0,"7":0,"8":0,"9":0,"10":0,"11":0},"b":{"0":[0]},"_coverageSchema":"1a1c01bbd47fc00a2c39e90264f33305004495a9","hash":"c1fe9a12da831ccd3939790aeabde46a579a0403"}
,"E:\\BlockChainProject\\backend\\src\\utils\\logger.js": {"path":"E:\\BlockChainProject\\backend\\src\\utils\\logger.js","statementMap":{"0":{"start":{"line":1,"column":16},"end":{"line":1,"column":34}},"1":{"start":{"line":2,"column":13},"end":{"line":2,"column":28}},"2":{"start":{"line":3,"column":11},"end":{"line":3,"column":24}},"3":{"start":{"line":6,"column":15},"end":{"line":6,"column":46}},"4":{"start":{"line":7,"column":0},"end":{"line":9,"column":1}},"5":{"start":{"line":8,"column":4},"end":{"line":8,"column":46}},"6":{"start":{"line":12,"column":18},"end":{"line":17,"column":1}},"7":{"start":{"line":20,"column":22},"end":{"line":30,"column":1}},"8":{"start":{"line":24,"column":18},"end":{"line":24,"column":55}},"9":{"start":{"line":25,"column":8},"end":{"line":27,"column":9}},"10":{"start":{"line":26,"column":12},"end":{"line":26,"column":46}},"11":{"start":{"line":28,"column":8},"end":{"line":28,"column":19}},"12":{"start":{"line":33,"column":15},"end":{"line":52,"column":2}},"13":{"start":{"line":55,"column":0},"end":{"line":61,"column":1}},"14":{"start":{"line":56,"column":4},"end":{"line":60,"column":6}},"15":{"start":{"line":64,"column":0},"end":{"line":68,"column":2}},"16":{"start":{"line":66,"column":8},"end":{"line":66,"column":36}},"17":{"start":{"line":70,"column":0},"end":{"line":70,"column":24}}},"fnMap":{"0":{"name":"(anonymous_0)","decl":{"start":{"line":23,"column":26},"end":{"line":23,"column":27}},"loc":{"start":{"line":23,"column":70},"end":{"line":29,"column":5}},"line":23},"1":{"name":"(anonymous_1)","decl":{"start":{"line":65,"column":11},"end":{"line":65,"column":12}},"loc":{"start":{"line":65,"column":24},"end":{"line":67,"column":5}},"line":65}},"branchMap":{"0":{"loc":{"start":{"line":6,"column":15},"end":{"line":6,"column":46}},"type":"binary-expr","locations":[{"start":{"line":6,"column":15},"end":{"line":6,"column":34}},{"start":{"line":6,"column":38},"end":{"line":6,"column":46}}],"line":6},"1":{"loc":{"start":{"line":7,"column":0},"end":{"line":9,"column":1}},"type":"if","locations":[{"start":{"line":7,"column":0},"end":{"line":9,"column":1}},{"start":{},"end":{}}],"line":7},"2":{"loc":{"start":{"line":25,"column":8},"end":{"line":27,"column":9}},"type":"if","locations":[{"start":{"line":25,"column":8},"end":{"line":27,"column":9}},{"start":{},"end":{}}],"line":25},"3":{"loc":{"start":{"line":34,"column":11},"end":{"line":34,"column":42}},"type":"binary-expr","locations":[{"start":{"line":34,"column":11},"end":{"line":34,"column":32}},{"start":{"line":34,"column":36},"end":{"line":34,"column":42}}],"line":34},"4":{"loc":{"start":{"line":55,"column":0},"end":{"line":61,"column":1}},"type":"if","locations":[{"start":{"line":55,"column":0},"end":{"line":61,"column":1}},{"start":{},"end":{}}],"line":55}},"s":{"0":1,"1":1,"2":1,"3":1,"4":1,"5":0,"6":1,"7":1,"8":27,"9":27,"10":27,"11":27,"12":1,"13":1,"14":1,"15":1,"16":11,"17":1},"f":{"0":27,"1":11},"b":{"0":[1,1],"1":[0,1],"2":[27,0],"3":[1,1],"4":[1,0]},"_coverageSchema":"1a1c01bbd47fc00a2c39e90264f33305004495a9","hash":"c806172f209dab59a7c2b51f14d2b7163651c7b8"}
}
